[29-Nov-2023 23:16:49] NOTICE: fpm is running, pid 11413
[29-Nov-2023 23:16:49] NOTICE: ready to handle connections
[29-Nov-2023 23:50:16] NOTICE: Terminating ...
[29-Nov-2023 23:50:16] NOTICE: exiting, bye-bye!
[30-Nov-2023 09:28:44] NOTICE: fpm is running, pid 7702
[30-Nov-2023 09:28:44] NOTICE: ready to handle connections
[02-Dec-2023 19:55:49] NOTICE: Terminating ...
[02-Dec-2023 19:55:49] NOTICE: exiting, bye-bye!
[03-Dec-2023 15:25:17] NOTICE: fpm is running, pid 29527
[03-Dec-2023 15:25:17] NOTICE: ready to handle connections
[05-Dec-2023 01:21:52] NOTICE: Terminating ...
[05-Dec-2023 01:21:52] NOTICE: exiting, bye-bye!
[11-Dec-2023 15:38:37] NOTICE: fpm is running, pid 205302
[11-Dec-2023 15:38:37] NOTICE: ready to handle connections
[11-Dec-2023 18:02:02] NOTICE: Terminating ...
[11-Dec-2023 18:02:02] NOTICE: exiting, bye-bye!
[12-Dec-2023 15:58:00] NOTICE: fpm is running, pid 5795
[12-Dec-2023 15:58:00] NOTICE: ready to handle connections
[12-Dec-2023 16:08:24] NOTICE: Terminating ...
[12-Dec-2023 16:08:24] NOTICE: Terminating ...
[12-Dec-2023 16:08:24] NOTICE: exiting, bye-bye!
[15-Dec-2023 21:05:08] NOTICE: fpm is running, pid 57615
[15-Dec-2023 21:05:08] NOTICE: ready to handle connections
[19-Dec-2023 16:42:34] NOTICE: Terminating ...
[19-Dec-2023 16:42:34] NOTICE: exiting, bye-bye!
[20-Dec-2023 17:23:08] NOTICE: fpm is running, pid 32512
[20-Dec-2023 17:23:08] NOTICE: ready to handle connections
[04-Jan-2024 11:28:50] NOTICE: fpm is running, pid 11885
[04-Jan-2024 11:28:50] NOTICE: ready to handle connections
[09-Jan-2024 11:36:18] NOTICE: fpm is running, pid 9843
[09-Jan-2024 11:36:18] NOTICE: ready to handle connections
[15-Jan-2024 19:45:02] NOTICE: Terminating ...
[15-Jan-2024 19:45:02] NOTICE: exiting, bye-bye!
